<?xml version="1.0" encoding="UTF-8"?>
<!-- Generated by org.testng.reporters.JUnitReportReporter -->
<testsuite skipped="4" hostname="PUGWSGH716S1VJ" name="com.TestProject.qa.testcases.HomePageTest" tests="5" failures="1" timestamp="03 Jun 2019 07:38:25 GMT" time="16.454" errors="0">
  <testcase name="setup" time="16.454" classname="com.TestProject.qa.testcases.HomePageTest">
    <failure type="java.lang.AssertionError" message="expected [PPTA Home1] but found [PPTA Home]">
      <![CDATA[java.lang.AssertionError: expected [PPTA Home1] but found [PPTA Home]at org.testng.Assert.fail(Assert.java:96)at org.testng.Assert.failNotEquals(Assert.java:776)at org.testng.Assert.assertEqualsImpl(Assert.java:137)at org.testng.Assert.assertEquals(Assert.java:118)at org.testng.Assert.assertEquals(Assert.java:453)at org.testng.Assert.assertEquals(Assert.java:463)at com.TestProject.qa.pages.LoginPage.verifyPPTAHome(LoginPage.java:54)at com.TestProject.qa.pages.LoginPage.login(LoginPage.java:81)at com.TestProject.qa.testcases.HomePageTest.setup(HomePageTest.java:36)at sun.reflect.NativeMethodAccessorImpl.invoke0(Native Method)at sun.reflect.NativeMethodAccessorImpl.invoke(Unknown Source)at sun.reflect.DelegatingMethodAccessorImpl.invoke(Unknown Source)at java.lang.reflect.Method.invoke(Unknown Source)at org.testng.internal.MethodInvocationHelper.invokeMethod(MethodInvocationHelper.java:124)at org.testng.internal.MethodInvocationHelper.invokeMethodConsideringTimeout(MethodInvocationHelper.java:59)at org.testng.internal.Invoker.invokeConfigurationMethod(Invoker.java:451)at org.testng.internal.Invoker.invokeConfigurations(Invoker.java:222)at org.testng.internal.Invoker.invokeMethod(Invoker.java:516)at org.testng.internal.Invoker.invokeTestMethod(Invoker.java:707)at org.testng.internal.Invoker.invokeTestMethods(Invoker.java:979)at org.testng.internal.TestMethodWorker.invokeTestMethods(TestMethodWorker.java:125)at org.testng.internal.TestMethodWorker.run(TestMethodWorker.java:109)at org.testng.TestRunner.privateRun(TestRunner.java:648)at org.testng.TestRunner.run(TestRunner.java:505)at org.testng.SuiteRunner.runTest(SuiteRunner.java:455)at org.testng.SuiteRunner.runSequentially(SuiteRunner.java:450)at org.testng.SuiteRunner.privateRun(SuiteRunner.java:415)at org.testng.SuiteRunner.run(SuiteRunner.java:364)at org.testng.SuiteRunnerWorker.runSuite(SuiteRunnerWorker.java:52)at org.testng.SuiteRunnerWorker.run(SuiteRunnerWorker.java:84)at org.testng.TestNG.runSuitesSequentially(TestNG.java:1187)at org.testng.TestNG.runSuitesLocally(TestNG.java:1116)at org.testng.TestNG.runSuites(TestNG.java:1028)at org.testng.TestNG.run(TestNG.java:996)at org.testng.remote.AbstractRemoteTestNG.run(AbstractRemoteTestNG.java:114)at org.testng.remote.RemoteTestNG.initAndRun(RemoteTestNG.java:251)at org.testng.remote.RemoteTestNG.main(RemoteTestNG.java:77)]]>
    </failure>
  </testcase> <!-- setup -->
  <testcase name="validateHomePageTitleTest" time="0.000" classname="com.TestProject.qa.testcases.HomePageTest">
    <skipped/>
  </testcase> <!-- validateHomePageTitleTest -->
  <testcase name="selectDropDownValuesTest" time="0.000" classname="com.TestProject.qa.testcases.HomePageTest">
    <skipped/>
  </testcase> <!-- selectDropDownValuesTest -->
  <testcase name="selectDropDownValuesTest" time="0.000" classname="com.TestProject.qa.testcases.HomePageTest">
    <skipped/>
  </testcase> <!-- selectDropDownValuesTest -->
  <testcase name="navigatetoprojectPageTest" time="0.000" classname="com.TestProject.qa.testcases.HomePageTest">
    <skipped/>
  </testcase> <!-- navigatetoprojectPageTest -->
</testsuite> <!-- com.TestProject.qa.testcases.HomePageTest -->
